<?xml version="1.0" encoding="UTF-8"?>
<!-- Generated by org.testng.reporters.JUnitReportReporter -->
<testsuite hostname="DESKTOP-E97FV9K" failures="0" tests="1" name="testpackage.LoginTest" time="23.759" errors="0" timestamp="2025-07-07T10:36:11 IST" skipped="0">
  <testcase classname="testpackage.LoginTest" name="dataDriven" time="23.759"/>
</testsuite> <!-- testpackage.LoginTest -->
