<?xml version="1.0" encoding="UTF-8"?>
<!-- Generated by org.testng.reporters.JUnitReportReporter -->
<testsuite hostname="DESKTOP-E97FV9K" failures="0" tests="1" name="testpackage.RegisterTest" time="18.953" errors="0" timestamp="2025-07-07T10:34:40 IST" skipped="0">
  <testcase classname="testpackage.RegisterTest" name="registerToRelaxoSite" time="18.953"/>
</testsuite> <!-- testpackage.RegisterTest -->
