<?xml version="1.0" encoding="UTF-8"?>
<!-- Generated by org.testng.reporters.JUnitReportReporter -->
<testsuite hostname="DESKTOP-E97FV9K" failures="0" tests="1" name="testpackage.CheckoutTest" time="12.957" errors="0" timestamp="2025-07-07T10:36:11 IST" skipped="0">
  <testcase classname="testpackage.CheckoutTest" name="completeCheckout" time="12.957"/>
</testsuite> <!-- testpackage.CheckoutTest -->
