<?xml version="1.0" encoding="UTF-8"?>
<!-- Generated by org.testng.reporters.JUnitReportReporter -->
<testsuite hostname="DESKTOP-E97FV9K" failures="0" tests="1" name="testpackage.AddtoCartCheckoutTest" time="17.280" errors="0" timestamp="2025-07-01T01:22:44 IST" skipped="0">
  <testcase classname="testpackage.AddtoCartCheckoutTest" name="addtoCartCheckouttest" time="17.280"/>
</testsuite> <!-- testpackage.AddtoCartCheckoutTest -->
